2022-12-14 15:26:20,103 [myid:] - INFO  [main:QuorumPeerConfig@154] - Reading configuration from: /home/hydrum/Documents/SD/Projeto 4/apache-zookeeper-3.5.10-bin/bin/../conf/zoo.cfg
2022-12-14 15:26:20,110 [myid:] - INFO  [main:QuorumPeerConfig@414] - clientPortAddress is 0.0.0.0:2181
2022-12-14 15:26:20,110 [myid:] - INFO  [main:QuorumPeerConfig@418] - secureClientPort is not set
2022-12-14 15:26:20,112 [myid:] - INFO  [main:DatadirCleanupManager@78] - autopurge.snapRetainCount set to 3
2022-12-14 15:26:20,112 [myid:] - INFO  [main:DatadirCleanupManager@79] - autopurge.purgeInterval set to 0
2022-12-14 15:26:20,112 [myid:] - INFO  [main:DatadirCleanupManager@101] - Purge task is not scheduled.
2022-12-14 15:26:20,112 [myid:] - WARN  [main:QuorumPeerMain@126] - Either no config or no quorum defined in config, running  in standalone mode
2022-12-14 15:26:20,113 [myid:] - INFO  [main:ManagedUtil@47] - Log4j 1.2 jmx support not found; jmx disabled.
2022-12-14 15:26:20,114 [myid:] - INFO  [main:QuorumPeerConfig@154] - Reading configuration from: /home/hydrum/Documents/SD/Projeto 4/apache-zookeeper-3.5.10-bin/bin/../conf/zoo.cfg
2022-12-14 15:26:20,114 [myid:] - INFO  [main:QuorumPeerConfig@414] - clientPortAddress is 0.0.0.0:2181
2022-12-14 15:26:20,114 [myid:] - INFO  [main:QuorumPeerConfig@418] - secureClientPort is not set
2022-12-14 15:26:20,114 [myid:] - INFO  [main:ZooKeeperServerMain@119] - Starting server
2022-12-14 15:26:20,117 [myid:] - INFO  [main:FileTxnSnapLog@115] - zookeeper.snapshot.trust.empty : false
2022-12-14 15:26:20,124 [myid:] - INFO  [main:Environment@109] - Server environment:zookeeper.version=3.5.10-a32c7183d42325b03e44a06aade6a0f16955bf13, built on 05/29/2022 12:50 GMT
2022-12-14 15:26:20,125 [myid:] - INFO  [main:Environment@109] - Server environment:host.name=K55VJ
2022-12-14 15:26:20,125 [myid:] - INFO  [main:Environment@109] - Server environment:java.version=1.8.0_282
2022-12-14 15:26:20,125 [myid:] - INFO  [main:Environment@109] - Server environment:java.vendor=BellSoft
2022-12-14 15:26:20,125 [myid:] - INFO  [main:Environment@109] - Server environment:java.home=/usr/lib/jvm/bellsoft-java8-full-amd64/jre
2022-12-14 15:26:20,125 [myid:] - INFO  [main:Environment@109] - Server environment:java.class.path=/home/hydrum/Documents/SD/Projeto 4/apache-zookeeper-3.5.10-bin/bin/../zookeeper-server/target/classes:/home/hydrum/Documents/SD/Projeto 4/apache-zookeeper-3.5.10-bin/bin/../build/classes:/home/hydrum/Documents/SD/Projeto 4/apache-zookeeper-3.5.10-bin/bin/../zookeeper-server/target/lib/*.jar:/home/hydrum/Documents/SD/Projeto 4/apache-zookeeper-3.5.10-bin/bin/../build/lib/*.jar:/home/hydrum/Documents/SD/Projeto 4/apache-zookeeper-3.5.10-bin/bin/../lib/zookeeper-jute-3.5.10.jar:/home/hydrum/Documents/SD/Projeto 4/apache-zookeeper-3.5.10-bin/bin/../lib/zookeeper-3.5.10.jar:/home/hydrum/Documents/SD/Projeto 4/apache-zookeeper-3.5.10-bin/bin/../lib/slf4j-reload4j-1.7.36.jar:/home/hydrum/Documents/SD/Projeto 4/apache-zookeeper-3.5.10-bin/bin/../lib/slf4j-api-1.7.36.jar:/home/hydrum/Documents/SD/Projeto 4/apache-zookeeper-3.5.10-bin/bin/../lib/reload4j-1.2.20.jar:/home/hydrum/Documents/SD/Projeto 4/apache-zookeeper-3.5.10-bin/bin/../lib/netty-transport-native-unix-common-4.1.77.Final.jar:/home/hydrum/Documents/SD/Projeto 4/apache-zookeeper-3.5.10-bin/bin/../lib/netty-transport-native-epoll-4.1.77.Final.jar:/home/hydrum/Documents/SD/Projeto 4/apache-zookeeper-3.5.10-bin/bin/../lib/netty-transport-classes-epoll-4.1.77.Final.jar:/home/hydrum/Documents/SD/Projeto 4/apache-zookeeper-3.5.10-bin/bin/../lib/netty-transport-4.1.77.Final.jar:/home/hydrum/Documents/SD/Projeto 4/apache-zookeeper-3.5.10-bin/bin/../lib/netty-resolver-4.1.77.Final.jar:/home/hydrum/Documents/SD/Projeto 4/apache-zookeeper-3.5.10-bin/bin/../lib/netty-handler-4.1.77.Final.jar:/home/hydrum/Documents/SD/Projeto 4/apache-zookeeper-3.5.10-bin/bin/../lib/netty-common-4.1.77.Final.jar:/home/hydrum/Documents/SD/Projeto 4/apache-zookeeper-3.5.10-bin/bin/../lib/netty-codec-4.1.77.Final.jar:/home/hydrum/Documents/SD/Projeto 4/apache-zookeeper-3.5.10-bin/bin/../lib/netty-buffer-4.1.77.Final.jar:/home/hydrum/Documents/SD/Projeto 4/apache-zookeeper-3.5.10-bin/bin/../lib/json-simple-1.1.1.jar:/home/hydrum/Documents/SD/Projeto 4/apache-zookeeper-3.5.10-bin/bin/../lib/jline-2.14.6.jar:/home/hydrum/Documents/SD/Projeto 4/apache-zookeeper-3.5.10-bin/bin/../lib/jetty-util-ajax-9.4.46.v20220331.jar:/home/hydrum/Documents/SD/Projeto 4/apache-zookeeper-3.5.10-bin/bin/../lib/jetty-util-9.4.46.v20220331.jar:/home/hydrum/Documents/SD/Projeto 4/apache-zookeeper-3.5.10-bin/bin/../lib/jetty-servlet-9.4.46.v20220331.jar:/home/hydrum/Documents/SD/Projeto 4/apache-zookeeper-3.5.10-bin/bin/../lib/jetty-server-9.4.46.v20220331.jar:/home/hydrum/Documents/SD/Projeto 4/apache-zookeeper-3.5.10-bin/bin/../lib/jetty-security-9.4.46.v20220331.jar:/home/hydrum/Documents/SD/Projeto 4/apache-zookeeper-3.5.10-bin/bin/../lib/jetty-io-9.4.46.v20220331.jar:/home/hydrum/Documents/SD/Projeto 4/apache-zookeeper-3.5.10-bin/bin/../lib/jetty-http-9.4.46.v20220331.jar:/home/hydrum/Documents/SD/Projeto 4/apache-zookeeper-3.5.10-bin/bin/../lib/javax.servlet-api-3.1.0.jar:/home/hydrum/Documents/SD/Projeto 4/apache-zookeeper-3.5.10-bin/bin/../lib/jackson-databind-2.13.3.jar:/home/hydrum/Documents/SD/Projeto 4/apache-zookeeper-3.5.10-bin/bin/../lib/jackson-core-2.13.3.jar:/home/hydrum/Documents/SD/Projeto 4/apache-zookeeper-3.5.10-bin/bin/../lib/jackson-annotations-2.13.3.jar:/home/hydrum/Documents/SD/Projeto 4/apache-zookeeper-3.5.10-bin/bin/../lib/commons-cli-1.2.jar:/home/hydrum/Documents/SD/Projeto 4/apache-zookeeper-3.5.10-bin/bin/../lib/audience-annotations-0.5.0.jar:/home/hydrum/Documents/SD/Projeto 4/apache-zookeeper-3.5.10-bin/bin/../zookeeper-*.jar:/home/hydrum/Documents/SD/Projeto 4/apache-zookeeper-3.5.10-bin/bin/../zookeeper-server/src/main/resources/lib/*.jar:/home/hydrum/Documents/SD/Projeto 4/apache-zookeeper-3.5.10-bin/bin/../conf:
2022-12-14 15:26:20,125 [myid:] - INFO  [main:Environment@109] - Server environment:java.library.path=/usr/java/packages/lib/amd64:/usr/lib64:/lib64:/lib:/usr/lib
2022-12-14 15:26:20,125 [myid:] - INFO  [main:Environment@109] - Server environment:java.io.tmpdir=/tmp
2022-12-14 15:26:20,125 [myid:] - INFO  [main:Environment@109] - Server environment:java.compiler=<NA>
2022-12-14 15:26:20,125 [myid:] - INFO  [main:Environment@109] - Server environment:os.name=Linux
2022-12-14 15:26:20,125 [myid:] - INFO  [main:Environment@109] - Server environment:os.arch=amd64
2022-12-14 15:26:20,125 [myid:] - INFO  [main:Environment@109] - Server environment:os.version=5.15.0-56-generic
2022-12-14 15:26:20,126 [myid:] - INFO  [main:Environment@109] - Server environment:user.name=hydrum
2022-12-14 15:26:20,126 [myid:] - INFO  [main:Environment@109] - Server environment:user.home=/home/hydrum
2022-12-14 15:26:20,126 [myid:] - INFO  [main:Environment@109] - Server environment:user.dir=/home/hydrum/Documents/SD/Projeto 4/apache-zookeeper-3.5.10-bin/bin
2022-12-14 15:26:20,126 [myid:] - INFO  [main:Environment@109] - Server environment:os.memory.free=108MB
2022-12-14 15:26:20,126 [myid:] - INFO  [main:Environment@109] - Server environment:os.memory.max=889MB
2022-12-14 15:26:20,126 [myid:] - INFO  [main:Environment@109] - Server environment:os.memory.total=119MB
2022-12-14 15:26:20,127 [myid:] - INFO  [main:ZooKeeperServer@1004] - minSessionTimeout set to 4000
2022-12-14 15:26:20,127 [myid:] - INFO  [main:ZooKeeperServer@1013] - maxSessionTimeout set to 40000
2022-12-14 15:26:20,127 [myid:] - INFO  [main:ZooKeeperServer@183] - Created server with tickTime 2000 minSessionTimeout 4000 maxSessionTimeout 40000 datadir /tmp/zookeeper/version-2 snapdir /tmp/zookeeper/version-2
2022-12-14 15:26:20,145 [myid:] - INFO  [main:Log@170] - Logging initialized @347ms to org.eclipse.jetty.util.log.Slf4jLog
2022-12-14 15:26:20,235 [myid:] - WARN  [main:ContextHandler@1662] - o.e.j.s.ServletContextHandler@527740a2{/,null,STOPPED} contextPath ends with /*
2022-12-14 15:26:20,235 [myid:] - WARN  [main:ContextHandler@1673] - Empty contextPath
2022-12-14 15:26:20,250 [myid:] - INFO  [main:Server@375] - jetty-9.4.46.v20220331; built: 2022-03-31T16:38:08.030Z; git: bc17a0369a11ecf40bb92c839b9ef0a8ac50ea18; jvm 1.8.0_282-b08
2022-12-14 15:26:20,285 [myid:] - INFO  [main:DefaultSessionIdManager@334] - DefaultSessionIdManager workerName=node0
2022-12-14 15:26:20,285 [myid:] - INFO  [main:DefaultSessionIdManager@339] - No SessionScavenger set, using defaults
2022-12-14 15:26:20,286 [myid:] - INFO  [main:HouseKeeper@132] - node0 Scavenging every 600000ms
2022-12-14 15:26:20,290 [myid:] - WARN  [main:ConstraintSecurityHandler@759] - ServletContext@o.e.j.s.ServletContextHandler@527740a2{/,null,STARTING} has uncovered http methods for path: /*
2022-12-14 15:26:20,300 [myid:] - INFO  [main:ContextHandler@921] - Started o.e.j.s.ServletContextHandler@527740a2{/,null,AVAILABLE}
2022-12-14 15:26:20,315 [myid:] - INFO  [main:AbstractConnector@333] - Started ServerConnector@28d25987{HTTP/1.1, (http/1.1)}{0.0.0.0:8080}
2022-12-14 15:26:20,315 [myid:] - INFO  [main:Server@415] - Started @517ms
2022-12-14 15:26:20,315 [myid:] - INFO  [main:JettyAdminServer@116] - Started AdminServer on address 0.0.0.0, port 8080 and command URL /commands
2022-12-14 15:26:20,319 [myid:] - INFO  [main:ServerCnxnFactory@135] - Using org.apache.zookeeper.server.NIOServerCnxnFactory as server connection factory
2022-12-14 15:26:20,321 [myid:] - INFO  [main:NIOServerCnxnFactory@673] - Configuring NIO connection handler with 10s sessionless connection timeout, 2 selector thread(s), 16 worker threads, and 64 kB direct buffers.
2022-12-14 15:26:20,322 [myid:] - INFO  [main:NIOServerCnxnFactory@686] - binding to port 0.0.0.0/0.0.0.0:2181
2022-12-14 15:26:20,332 [myid:] - INFO  [main:ZKDatabase@117] - zookeeper.snapshotSizeFactor = 0.33
2022-12-14 15:26:20,333 [myid:] - INFO  [main:FileSnap@93] - Reading snapshot /tmp/zookeeper/version-2/snapshot.2
2022-12-14 15:26:20,342 [myid:] - INFO  [main:FileTxnSnapLog@423] - Snapshotting: 0x4 to /tmp/zookeeper/version-2/snapshot.4
2022-12-14 15:26:20,350 [myid:] - INFO  [ProcessThread(sid:0 cport:2181)::PrepRequestProcessor@132] - PrepRequestProcessor (sid:0) started, reconfigEnabled=false
2022-12-14 15:26:20,355 [myid:] - INFO  [main:ContainerManager@64] - Using checkIntervalMs=60000 maxPerMinute=10000
2022-12-14 15:26:23,511 [myid:] - INFO  [SyncThread:0:FileTxnLog@218] - Creating new log file: log.5
2022-12-14 15:26:30,959 [myid:] - WARN  [NIOWorkerThread-3:ZooKeeperServer@1079] - Connection request from old client /127.0.0.1:43406; will be dropped if server is in r-o mode
2022-12-14 15:26:53,475 [myid:] - WARN  [NIOWorkerThread-16:NIOServerCnxn@366] - Unable to read additional data from client sessionid 0x1000047bdc40001, likely client has closed socket
2022-12-14 15:27:32,064 [myid:] - WARN  [NIOWorkerThread-11:ZooKeeperServer@1079] - Connection request from old client /127.0.0.1:60330; will be dropped if server is in r-o mode
2022-12-14 15:28:40,542 [myid:] - WARN  [NIOWorkerThread-11:ZooKeeperServer@1079] - Connection request from old client /127.0.0.1:41586; will be dropped if server is in r-o mode
2022-12-14 15:28:43,535 [myid:] - WARN  [NIOWorkerThread-8:ZooKeeperServer@1079] - Connection request from old client /0:0:0:0:0:0:0:1:46524; will be dropped if server is in r-o mode
2022-12-14 15:33:19,156 [myid:] - WARN  [NIOWorkerThread-15:ZooKeeperServer@1079] - Connection request from old client /127.0.0.1:51234; will be dropped if server is in r-o mode
2022-12-14 15:36:23,279 [myid:] - WARN  [NIOWorkerThread-5:NIOServerCnxn@366] - Unable to read additional data from client sessionid 0x1000047bdc40004, likely client has closed socket
2022-12-14 15:37:48,798 [myid:] - WARN  [NIOWorkerThread-11:NIOServerCnxn@366] - Unable to read additional data from client sessionid 0x1000047bdc40003, likely client has closed socket
2022-12-14 15:41:55,202 [myid:] - WARN  [NIOWorkerThread-15:NIOServerCnxn@366] - Unable to read additional data from client sessionid 0x1000047bdc40005, likely client has closed socket
2022-12-14 15:41:55,228 [myid:] - WARN  [NIOWorkerThread-11:NIOServerCnxn@366] - Unable to read additional data from client sessionid 0x1000047bdc40006, likely client has closed socket
2022-12-14 15:41:55,519 [myid:] - WARN  [NIOWorkerThread-1:NIOServerCnxn@366] - Unable to read additional data from client sessionid 0x1000047bdc40002, likely client has closed socket
